<?xml version="1.0" encoding="UTF-8"?>
<!-- Generated by org.testng.reporters.JUnitReportReporter -->
<testsuite hostname="Krish" failures="0" tests="1" name="TestNg_Fail.Amazon" time="6.538" errors="0" timestamp="2023-09-03T13:53:01 IST" skipped="0">
  <testcase classname="TestNg_Fail.Amazon" name="amazon" time="6.538"/>
</testsuite> <!-- TestNg_Fail.Amazon -->
