<?xml version="1.0" encoding="UTF-8"?>
<!-- Generated by org.testng.reporters.JUnitReportReporter -->
<testsuite hostname="Krish" failures="0" tests="6" name="TestNg.Priority_Invocation_Enabled" time="0.018" errors="0" timestamp="2023-09-03T09:18:39 IST" skipped="1">
  <testcase classname="TestNg.Priority_Invocation_Enabled" name="demo2" time="0.012"/>
  <testcase classname="TestNg.Priority_Invocation_Enabled" name="demo2" time="0.001"/>
  <testcase classname="TestNg.Priority_Invocation_Enabled" name="demo3" time="0.001"/>
  <testcase classname="TestNg.Priority_Invocation_Enabled" name="demo3" time="0.002"/>
  <testcase classname="TestNg.Priority_Invocation_Enabled" name="demo3" time="0.002"/>
  <testcase classname="TestNg.Priority_Invocation_Enabled" name="demo1">
    <skipped/>
  </testcase> <!-- demo1 -->
</testsuite> <!-- TestNg.Priority_Invocation_Enabled -->
