<?xml version="1.0" encoding="UTF-8"?>
<!-- Generated by org.testng.reporters.JUnitReportReporter -->
<testsuite hostname="Krish" failures="0" tests="2" name="TestNg_Parallel.TestNg_CrossBrowser" time="17.448" errors="0" timestamp="2023-09-03T19:05:48 IST" skipped="0">
  <testcase classname="TestNg_Parallel.TestNg_CrossBrowser" name="facebook" time="6.341"/>
  <testcase classname="TestNg_Parallel.TestNg_CrossBrowser" name="facebook" time="11.107"/>
</testsuite> <!-- TestNg_Parallel.TestNg_CrossBrowser -->
