<?xml version="1.0" encoding="UTF-8"?>
<!-- Generated by org.testng.reporters.JUnitReportReporter -->
<testsuite hostname="Krish" failures="0" tests="3" name="TestNg.DataProvider_Explanation" time="21.072" errors="0" timestamp="2023-09-03T14:13:31 IST" skipped="0">
  <testcase classname="TestNg.DataProvider_Explanation" name="demo" time="5.912"/>
  <testcase classname="TestNg.DataProvider_Explanation" name="demo" time="6.323"/>
  <testcase classname="TestNg.DataProvider_Explanation" name="demo" time="8.837"/>
</testsuite> <!-- TestNg.DataProvider_Explanation -->
