<?xml version="1.0" encoding="UTF-8"?>
<!-- Generated by org.testng.reporters.JUnitReportReporter -->
<testsuite hostname="Krish" failures="0" tests="4" name="TestNg_Annotations.Annotations_general" time="0.023" errors="0" timestamp="2023-09-03T12:47:52 IST" skipped="0">
  <testcase classname="TestNg_Annotations.Annotations_general" name="mainMethod2" time="0.004"/>
  <testcase classname="TestNg_Annotations.Annotations_general" name="mainMethod1" time="0.005"/>
  <testcase classname="TestNg_Annotations.Annotations_general" name="mainMethod2" time="0.003"/>
  <testcase classname="TestNg_Annotations.Annotations_general" name="mainMethod1" time="0.011"/>
</testsuite> <!-- TestNg_Annotations.Annotations_general -->
