<?xml version="1.0" encoding="UTF-8"?>
<!-- Generated by org.testng.reporters.JUnitReportReporter -->
<testsuite hostname="Krish" failures="0" tests="1" name="TestNg_Sequential.Facebook_Sequential" time="10.643" errors="0" timestamp="2023-09-03T09:47:26 IST" skipped="0">
  <testcase classname="TestNg_Sequential.Facebook_Sequential" name="fb" time="10.643"/>
</testsuite> <!-- TestNg_Sequential.Facebook_Sequential -->
