<?xml version="1.0" encoding="UTF-8"?>
<!-- Generated by org.testng.reporters.JUnitReportReporter -->
<testsuite hostname="Krish" failures="0" tests="1" name="TestNg_Sequential.Amazon_Sequential" time="10.431" errors="0" timestamp="2023-09-03T09:47:26 IST" skipped="0">
  <testcase classname="TestNg_Sequential.Amazon_Sequential" name="amazon" time="10.431"/>
</testsuite> <!-- TestNg_Sequential.Amazon_Sequential -->
