<?xml version="1.0" encoding="UTF-8"?>
<!-- Generated by org.testng.reporters.JUnitReportReporter -->
<testsuite hostname="Krish" failures="0" tests="2" name="TestNg.TestNg_Assertions" time="10.143" errors="0" timestamp="2023-09-03T13:15:22 IST" skipped="0">
  <testcase classname="TestNg.TestNg_Assertions" name="assertions" time="10.138"/>
  <testcase classname="TestNg.TestNg_Assertions" name="demo" time="0.005"/>
</testsuite> <!-- TestNg.TestNg_Assertions -->
