<?xml version="1.0" encoding="UTF-8"?>
<!-- Generated by org.testng.reporters.JUnitReportReporter -->
<testsuite hostname="Krish" failures="0" tests="1" name="TestNg_Group.sample1" time="0.001" errors="0" timestamp="2023-09-03T10:04:59 IST" skipped="0">
  <testcase classname="TestNg_Group.sample1" name="sample1_2" time="0.001"/>
</testsuite> <!-- TestNg_Group.sample1 -->
