<?xml version="1.0" encoding="UTF-8"?>
<!-- Generated by org.testng.reporters.JUnitReportReporter -->
<testsuite hostname="Krish" failures="0" tests="1" name="TestNg_Parallel.Facebook_Sequential" time="13.873" errors="0" timestamp="2023-09-03T10:14:22 IST" skipped="0">
  <testcase classname="TestNg_Parallel.Facebook_Sequential" name="fb" time="13.873"/>
</testsuite> <!-- TestNg_Parallel.Facebook_Sequential -->
