<?xml version="1.0" encoding="UTF-8"?>
<!-- Generated by org.testng.reporters.JUnitReportReporter -->
<testsuite hostname="Krish" failures="0" tests="1" name="TestNg_Fail.Facebook" time="6.608" errors="0" timestamp="2023-09-03T13:54:54 IST" skipped="0">
  <testcase classname="TestNg_Fail.Facebook" name="facebook" time="6.608"/>
</testsuite> <!-- TestNg_Fail.Facebook -->
