<?xml version="1.0" encoding="UTF-8"?>
<!-- Generated by org.testng.reporters.JUnitReportReporter -->
<testsuite hostname="Krish" failures="0" tests="2" name="TestNg_Annotations.Annotations" time="15.453" errors="0" timestamp="2023-09-03T11:12:29 IST" skipped="0">
  <testcase classname="TestNg_Annotations.Annotations" name="fb" time="5.720"/>
  <testcase classname="TestNg_Annotations.Annotations" name="amazon" time="9.733"/>
</testsuite> <!-- TestNg_Annotations.Annotations -->
